<?xml version="1.0" encoding="UTF-8"?>
<!-- Generated by org.testng.reporters.JUnitReportReporter -->
<testsuite hostname="Colosseum.local" name="com.bloomz.tests.BVTTests" tests="1" failures="0" timestamp="13 Jun 2015 18:06:07 GMT" time="90.278" errors="0">
  <testcase name="testExistingAccountPostsByScrolling" time="90.278" classname="com.bloomz.tests.BVTTests"/>
</testsuite> <!-- com.bloomz.tests.BVTTests -->
