<?xml version="1.0" encoding="UTF-8"?>
<!-- Generated by org.testng.reporters.JUnitReportReporter -->
<testsuite hostname="Colosseum.local" name="com.bloomz.tests.BVTTests" tests="1" failures="0" timestamp="12 Jun 2015 20:40:58 GMT" time="147.419" errors="0">
  <testcase name="testSignUpForTeacher" time="147.419" classname="com.bloomz.tests.BVTTests"/>
</testsuite> <!-- com.bloomz.tests.BVTTests -->
