<?xml version="1.0" encoding="UTF-8"?>
<!-- Generated by org.testng.reporters.JUnitReportReporter -->
<testsuite hostname="Colosseum.local" name="com.bloomz.tests.SanityTest" tests="1" failures="0" timestamp="10 Jun 2015 20:56:23 GMT" time="117.642" errors="0">
  <testcase name="testSignUpForTeacher" time="117.642" classname="com.bloomz.tests.SanityTest"/>
</testsuite> <!-- com.bloomz.tests.SanityTest -->
