<?xml version="1.0" encoding="UTF-8"?>
<!-- Generated by org.testng.reporters.JUnitReportReporter -->
<testsuite hostname="DESKTOP-T1IU6HU" name="com.net.bloomz.tests.BV_TestCases" tests="1" failures="0" timestamp="1 Aug 2017 20:57:59 GMT" time="88.093" errors="0">
  <testcase name="createVRRecurringEventInAClass" time="88.093" classname="com.net.bloomz.tests.BV_TestCases"/>
</testsuite> <!-- com.net.bloomz.tests.BV_TestCases -->
