<?xml version="1.0" encoding="UTF-8"?>
<!-- Generated by org.testng.reporters.JUnitReportReporter -->
<testsuite hostname="Vishal-PC" name="com.net.bloomz.tests.BV_TestCases" tests="1" failures="0" timestamp="1 Aug 2017 20:49:43 GMT" time="54.828" errors="0">
  <testcase name="testCreateAnnouncementInClass" time="54.828" classname="com.net.bloomz.tests.BV_TestCases"/>
</testsuite> <!-- com.net.bloomz.tests.BV_TestCases -->
