<?xml version="1.0" encoding="UTF-8"?>
<testsuite name="TestSuite" time="5.089" tests="4" errors="0" skipped="0" failures="0">
  <properties>
    <property name="java.runtime.name" value="OpenJDK Runtime Environment"/>
    <property name="sun.boot.library.path" value="/Library/Java/JavaVirtualMachines/zulu-8/Contents/Home/jre/lib"/>
    <property name="java.vm.version" value="25.20-b23"/>
    <property name="user.country.format" value="IN"/>
    <property name="gopherProxySet" value="false"/>
    <property name="java.vm.vendor" value="Azul Systems, Inc."/>
    <property name="java.vendor.url" value="http://www.azulsystems.com/"/>
    <property name="path.separator" value=":"/>
    <property name="guice.disable.misplaced.annotation.check" value="true"/>
    <property name="java.vm.name" value="OpenJDK 64-Bit Server VM"/>
    <property name="file.encoding.pkg" value="sun.io"/>
    <property name="user.country" value="US"/>
    <property name="sun.java.launcher" value="SUN_STANDARD"/>
    <property name="sun.os.patch.level" value="unknown"/>
    <property name="java.vm.specification.name" value="Java Virtual Machine Specification"/>
    <property name="user.dir" value="/Users/Moolya21/Documents/BloomzTest/test-automation/testBloomz"/>
    <property name="java.runtime.version" value="1.8.0_20-b26"/>
    <property name="java.awt.graphicsenv" value="sun.awt.CGraphicsEnvironment"/>
    <property name="java.endorsed.dirs" value="/Library/Java/JavaVirtualMachines/zulu-8/Contents/Home/jre/lib/endorsed"/>
    <property name="os.arch" value="x86_64"/>
    <property name="java.io.tmpdir" value="/var/folders/81/pq77vph946bblw2njjjgp6mw0000gn/T/"/>
    <property name="line.separator" value="&#10;"/>
    <property name="java.vm.specification.vendor" value="Oracle Corporation"/>
    <property name="os.name" value="Mac OS X"/>
    <property name="classworlds.conf" value="/Users/Moolya21/Documents/BloomzTest/test-automation/.metadata/.plugins/org.eclipse.m2e.launching/launches/m2conf4337519867674682560.tmp"/>
    <property name="sun.jnu.encoding" value="UTF-8"/>
    <property name="java.library.path" value="/Users/Moolya21/Library/Java/Extensions:/Library/Java/Extensions:/Network/Library/Java/Extensions:/System/Library/Java/Extensions:/usr/lib/java:."/>
    <property name="java.specification.name" value="Java Platform API Specification"/>
    <property name="java.class.version" value="52.0"/>
    <property name="sun.management.compiler" value="HotSpot 64-Bit Tiered Compilers"/>
    <property name="os.version" value="10.9.5"/>
    <property name="user.home" value="/Users/Moolya21"/>
    <property name="user.timezone" value="Asia/Kolkata"/>
    <property name="java.awt.printerjob" value="sun.lwawt.macosx.CPrinterJob"/>
    <property name="java.specification.version" value="1.8"/>
    <property name="file.encoding" value="UTF-8"/>
    <property name="user.name" value="Moolya21"/>
    <property name="java.class.path" value="/Users/Moolya21/Documents/eclipse/plugins/org.eclipse.m2e.maven.runtime_1.5.1.20150109-1819/jars/plexus-classworlds-2.5.1.jar"/>
    <property name="org.slf4j.simpleLogger.defaultLogLevel" value="info"/>
    <property name="java.vm.specification.version" value="1.8"/>
    <property name="sun.arch.data.model" value="64"/>
    <property name="java.home" value="/Library/Java/JavaVirtualMachines/zulu-8/Contents/Home/jre"/>
    <property name="sun.java.command" value="org.codehaus.plexus.classworlds.launcher.Launcher -B install"/>
    <property name="java.specification.vendor" value="Oracle Corporation"/>
    <property name="user.language" value="en"/>
    <property name="awt.toolkit" value="sun.lwawt.macosx.LWCToolkit"/>
    <property name="java.vm.info" value="mixed mode"/>
    <property name="java.version" value="1.8.0_20"/>
    <property name="java.ext.dirs" value="/Users/Moolya21/Library/Java/Extensions:/Library/Java/JavaVirtualMachines/zulu-8/Contents/Home/jre/lib/ext:/Library/Java/Extensions:/Network/Library/Java/Extensions:/System/Library/Java/Extensions:/usr/lib/java"/>
    <property name="sun.boot.class.path" value="/Library/Java/JavaVirtualMachines/zulu-8/Contents/Home/jre/lib/resources.jar:/Library/Java/JavaVirtualMachines/zulu-8/Contents/Home/jre/lib/rt.jar:/Library/Java/JavaVirtualMachines/zulu-8/Contents/Home/jre/lib/sunrsasign.jar:/Library/Java/JavaVirtualMachines/zulu-8/Contents/Home/jre/lib/jsse.jar:/Library/Java/JavaVirtualMachines/zulu-8/Contents/Home/jre/lib/jce.jar:/Library/Java/JavaVirtualMachines/zulu-8/Contents/Home/jre/lib/charsets.jar:/Library/Java/JavaVirtualMachines/zulu-8/Contents/Home/jre/lib/jfr.jar:/Library/Java/JavaVirtualMachines/zulu-8/Contents/Home/jre/classes"/>
    <property name="java.vendor" value="Azul Systems, Inc."/>
    <property name="maven.home" value="/Users/Moolya21/Documents/BloomzTest/test-automation/testBloomz/EMBEDDED"/>
    <property name="file.separator" value="/"/>
    <property name="java.vendor.url.bug" value="http://www.azulsystems.com/support/"/>
    <property name="sun.cpu.endian" value="little"/>
    <property name="sun.io.unicode.encoding" value="UnicodeBig"/>
    <property name="sun.cpu.isalist" value=""/>
  </properties>
  <testcase name="testAppInstallation" classname="com.bloomz.tests.BVTTests" time="1.222"/>
  <testcase name="testAppInstallation" classname="com.bloomz.tests.BVTTests" time="1.585"/>
  <testcase name="testAppLauch" classname="com.bloomz.tests.BVTTests" time="3.867"/>
  <testcase name="testAppLauch" classname="com.bloomz.tests.BVTTests" time="4.532"/>
</testsuite>